C:\USERS\NATALIE\DOCUMENTS\VISUAL STUDIO 2010\PROJECTS\AGENDAPROG\AGENDAPROG\DEBUG\AGENDALEL.OBJ
C:\USERS\NATALIE\DOCUMENTS\VISUAL STUDIO 2010\PROJECTS\AGENDAPROG\AGENDAPROG\DEBUG\AGENDAPROG.EXE.INTERMEDIATE.MANIFEST
C:\USERS\NATALIE\DOCUMENTS\VISUAL STUDIO 2010\PROJECTS\AGENDAPROG\AGENDAPROG\DEBUG\AGENDAPROG.RES
C:\Users\Natalie\Documents\Visual Studio 2010\Projects\AgendaProg\AgendaProg\Debug\AgendaProg.vcxprojResolveAssemblyReference.cache
C:\Users\Natalie\Documents\Visual Studio 2010\Projects\AgendaProg\AgendaProg\Debug\AgendaProg.write.1.tlog
C:\Users\Natalie\Documents\Visual Studio 2010\Projects\AgendaProg\AgendaProg\Debug\cl.command.1.tlog
C:\Users\Natalie\Documents\Visual Studio 2010\Projects\AgendaProg\AgendaProg\Debug\CL.read.1.tlog
C:\Users\Natalie\Documents\Visual Studio 2010\Projects\AgendaProg\AgendaProg\Debug\CL.write.1.tlog
C:\Users\Natalie\Documents\Visual Studio 2010\Projects\AgendaProg\AgendaProg\Debug\link.command.1.tlog
C:\Users\Natalie\Documents\Visual Studio 2010\Projects\AgendaProg\AgendaProg\Debug\link.read.1.tlog
C:\Users\Natalie\Documents\Visual Studio 2010\Projects\AgendaProg\AgendaProg\Debug\link.write.1.tlog
C:\Users\Natalie\Documents\Visual Studio 2010\Projects\AgendaProg\AgendaProg\Debug\link-cvtres.read.1.tlog
C:\Users\Natalie\Documents\Visual Studio 2010\Projects\AgendaProg\AgendaProg\Debug\link-cvtres.write.1.tlog
C:\Users\Natalie\Documents\Visual Studio 2010\Projects\AgendaProg\AgendaProg\Debug\mt.command.1.tlog
C:\Users\Natalie\Documents\Visual Studio 2010\Projects\AgendaProg\AgendaProg\Debug\mt.read.1.tlog
C:\Users\Natalie\Documents\Visual Studio 2010\Projects\AgendaProg\AgendaProg\Debug\mt.write.1.tlog
C:\Users\Natalie\Documents\Visual Studio 2010\Projects\AgendaProg\AgendaProg\Debug\rc.command.1.tlog
C:\Users\Natalie\Documents\Visual Studio 2010\Projects\AgendaProg\AgendaProg\Debug\rc.read.1.tlog
C:\Users\Natalie\Documents\Visual Studio 2010\Projects\AgendaProg\AgendaProg\Debug\rc.write.1.tlog
C:\Users\Natalie\Documents\Visual Studio 2010\Projects\AgendaProg\AgendaProg\Debug\vc100.idb
C:\USERS\NATALIE\DOCUMENTS\VISUAL STUDIO 2010\PROJECTS\AGENDAPROG\AGENDAPROG\DEBUG\VC100.PDB
C:\USERS\NATALIE\DOCUMENTS\VISUAL STUDIO 2010\PROJECTS\AGENDAPROG\DEBUG\AGENDAPROG.EXE
C:\USERS\NATALIE\DOCUMENTS\VISUAL STUDIO 2010\PROJECTS\AGENDAPROG\DEBUG\AGENDAPROG.PDB
