Compilación iniciada a las 09/12/2014 04:25:13 p. m..
     1>Proyecto "C:\Users\Natalie\Documents\Visual Studio 2010\Projects\AgendaProg\AgendaProg\AgendaProg.vcxproj" en el nodo 2 (build destinos).
     1>InitializeBuildStatus:
         Se creará "Debug\AgendaProg.unsuccessfulbuild" porque se especificó "AlwaysCreate".
       ClCompile:
         Todas las salidas están actualizadas.
       ResourceCompile:
         C:\Program Files (x86)\Microsoft SDKs\Windows\v7.0A\bin\rc.exe /l"0x0409" /nologo /fo"Debug\AgendaProg.res" AgendaProg.rc 
       Link:
         C:\Program Files (x86)\Microsoft Visual Studio 10.0\VC\bin\link.exe /ERRORREPORT:PROMPT /OUT:"C:\Users\Natalie\Documents\Visual Studio 2010\Projects\AgendaProg\Debug\AgendaProg.exe" /INCREMENTAL:NO /NOLOGO kernel32.lib user32.lib gdi32.lib winspool.lib comdlg32.lib advapi32.lib shell32.lib ole32.lib oleaut32.lib uuid.lib odbc32.lib odbccp32.lib /MANIFEST /ManifestFile:"Debug\AgendaProg.exe.intermediate.manifest" /MANIFESTUAC:"level='asInvoker' uiAccess='false'" /DEBUG /PDB:"C:\Users\Natalie\Documents\Visual Studio 2010\Projects\AgendaProg\Debug\AgendaProg.pdb" /SUBSYSTEM:WINDOWS /TLBID:1 /DYNAMICBASE /NXCOMPAT /IMPLIB:"C:\Users\Natalie\Documents\Visual Studio 2010\Projects\AgendaProg\Debug\AgendaProg.lib" /MACHINE:X86 Debug\AgendaProg.res
         Debug\AgendaLEL.obj
     1>AgendaLEL.obj : warning LNK4075: se omite '/EDITANDCONTINUE' debido a la especificación '/INCREMENTAL:NO'
         AgendaProg.vcxproj -> C:\Users\Natalie\Documents\Visual Studio 2010\Projects\AgendaProg\Debug\AgendaProg.exe
       Manifest:
         C:\Program Files (x86)\Microsoft SDKs\Windows\v7.0A\bin\mt.exe /nologo /verbose /outputresource:"C:\Users\Natalie\Documents\Visual Studio 2010\Projects\AgendaProg\Debug\AgendaProg.exe;#1" /manifest Debug\AgendaProg.exe.intermediate.manifest
       FinalizeBuildStatus:
         Se eliminará el archivo "Debug\AgendaProg.unsuccessfulbuild".
         Aplicando tarea Touch a "Debug\AgendaProg.lastbuildstate".
     1>Compilación del proyecto terminada "C:\Users\Natalie\Documents\Visual Studio 2010\Projects\AgendaProg\AgendaProg\AgendaProg.vcxproj" (build destinos).

Compilación correcta.

Tiempo transcurrido 00:00:00.91
